<?xml version="1.0" encoding="UTF-8" ?>
<testsuite tests="14" failures="0" name="ro.sapientia.mesteri2015.SCRUMTitleTest" time="184.185" errors="0" skipped="8">
  <properties>
[...]
</properties>
  <testcase classname="Scenario: UpdateFirst" name="Given I edit the scrum list&apos;s first story" time="19.13">
    <skipped/>
  </testcase>
  <testcase classname="Scenario: UpdateFirst" name="When I enter &quot;updatefirstnew&quot; in  the title textbox and I push the update button" time="19.13">
    <skipped/>
  </testcase>
  <testcase classname="Scenario: UpdateFirst" name="Then I should get result &quot;updatefirstnew&quot; in new stories list" time="19.13">
    <skipped/>
  </testcase>
  <testcase classname="Scenario: UpdateFirst" name="Scenario: UpdateFirst" time="19.883">
    <skipped/>
  </testcase>
  <testcase classname="Scenario: UpdateFirst" name="Scenario: UpdateFirst" time="19.883"/>
  <testcase classname="Scenario: StoryListEdit" name="Given After adding a story and a sprint, I open the scrum tool sprint&apos;s story list edit page" time="0"/>
  <testcase classname="Scenario: StoryListEdit" name="When I check &quot;story 1&quot; checkbox and I push the save button" time="0"/>
  <testcase classname="Scenario: StoryListEdit" name="Then I should get result &quot;story 1&quot; added to sprint&apos;s stories list" time="0"/>
  <testcase classname="Scenario: StoryListEdit" name="Scenario: StoryListEdit" time="0.779"/>
  <testcase classname="Scenario: Title1" name="Given I open the scrum tool add page" time="16.839">
    <skipped/>
  </testcase>
  <testcase classname="Scenario: Title1" name="When I enter &quot;title1&quot; in  the title textbox and I push the add button" time="16.839">
    <skipped/>
  </testcase>
  <testcase classname="Scenario: Title1" name="Then I should get result &quot;title1&quot; in stories list" time="16.839">
    <skipped/>
  </testcase>
  <testcase classname="Scenario: Title1" name="Scenario: Title1" time="17.866">
    <skipped/>
  </testcase>
  <testcase classname="Scenario: Title1" name="Scenario: Title1" time="17.867"/>
</testsuite>